<?xml version="1.0" encoding="UTF-8"?>
<!-- Generated by org.testng.reporters.JUnitReportReporter -->
<testsuite hostname="DESKTOP-DJ4FDME" failures="0" tests="2" name="org.xyz.automation.fb.FirstAutomation" time="10.151" errors="0" timestamp="2023-12-12T22:15:09 IST" skipped="1">
  <testcase classname="org.xyz.automation.fb.FirstAutomation" name="login" time="10.151"/>
  <testcase classname="org.xyz.automation.fb.FirstAutomation" name="signup">
    <skipped/>
  </testcase> <!-- signup -->
</testsuite> <!-- org.xyz.automation.fb.FirstAutomation -->
