<?xml version="1.0" encoding="UTF-8"?>
<!-- Generated by org.testng.reporters.JUnitReportReporter -->
<testsuite hostname="DESKTOP-DJ4FDME" failures="0" tests="3" name="org.wipro.automation.fb.testcases.LoginTestScenario_DDF" time="12.314" errors="0" timestamp="2023-12-26T22:21:11 IST" skipped="0">
  <testcase classname="org.wipro.automation.fb.testcases.LoginTestScenario_DDF" name="validateloginfunc" time="3.567"/>
  <testcase classname="org.wipro.automation.fb.testcases.LoginTestScenario_DDF" name="validateloginfunc" time="3.606"/>
  <testcase classname="org.wipro.automation.fb.testcases.LoginTestScenario_DDF" name="validateloginfunc" time="5.141"/>
</testsuite> <!-- org.wipro.automation.fb.testcases.LoginTestScenario_DDF -->
