<?xml version="1.0" encoding="UTF-8"?>
<!-- Generated by org.testng.reporters.JUnitReportReporter -->
<testsuite hostname="DESKTOP-DJ4FDME" failures="0" tests="4" name="org.xyz.automation.fb.KeyboardMouse" time="12.848" errors="0" timestamp="2023-12-19T22:49:42 IST" skipped="2">
  <testcase classname="org.xyz.automation.fb.KeyboardMouse" name="handleFrames" time="8.158"/>
  <testcase classname="org.xyz.automation.fb.KeyboardMouse" name="handleAlerts" time="4.690"/>
  <testcase classname="org.xyz.automation.fb.KeyboardMouse" name="handlekeyboard">
    <skipped/>
  </testcase> <!-- handlekeyboard -->
  <testcase classname="org.xyz.automation.fb.KeyboardMouse" name="handlemouse">
    <skipped/>
  </testcase> <!-- handlemouse -->
</testsuite> <!-- org.xyz.automation.fb.KeyboardMouse -->
