<?xml version="1.0" encoding="UTF-8"?>
<!-- Generated by org.testng.reporters.JUnitReportReporter -->
<testsuite hostname="DESKTOP-DJ4FDME" failures="0" tests="1" name="org.wipro.automation.fb.testcases.LoginTestScenario" time="4.880" errors="0" timestamp="2023-12-20T22:51:56 IST" skipped="0">
  <testcase classname="org.wipro.automation.fb.testcases.LoginTestScenario" name="validateloginfunc" time="4.880"/>
</testsuite> <!-- org.wipro.automation.fb.testcases.LoginTestScenario -->
