<?xml version="1.0" encoding="UTF-8"?>
<!-- Generated by org.testng.reporters.JUnitReportReporter -->
<testsuite hostname="DESKTOP-DJ4FDME" failures="0" tests="1" name="org.xyz.automation.fb.BrowserControl" time="23.291" errors="0" timestamp="2023-12-11T22:37:49 IST" skipped="0">
  <testcase classname="org.xyz.automation.fb.BrowserControl" name="handlebrowser" time="23.291"/>
</testsuite> <!-- org.xyz.automation.fb.BrowserControl -->
