<?xml version="1.0" encoding="UTF-8"?>
<!-- Generated by org.testng.reporters.JUnitReportReporter -->
<testsuite hostname="DESKTOP-DJ4FDME" failures="0" tests="1" name="org.xyz.automation.fb.DifferntControl" time="9.483" errors="0" timestamp="2023-12-14T22:56:58 IST" skipped="0">
  <testcase classname="org.xyz.automation.fb.DifferntControl" name="handlebrowser" time="9.483"/>
</testsuite> <!-- org.xyz.automation.fb.DifferntControl -->
