<?xml version="1.0" encoding="UTF-8"?>
<!-- Generated by org.testng.reporters.JUnitReportReporter -->
<testsuite hostname="DESKTOP-DJ4FDME" failures="0" tests="4" name="learnTestNG.TestScenario10" time="0.012" errors="0" timestamp="2023-12-04T22:23:06 IST" skipped="0">
  <testcase classname="learnTestNG.TestScenario10" name="first_testcase" time="0.002"/>
  <testcase classname="learnTestNG.TestScenario10" name="second_testcase" time="0.005"/>
  <testcase classname="learnTestNG.TestScenario10" name="forth_testcase" time="0.002"/>
  <testcase classname="learnTestNG.TestScenario10" name="third_testcase" time="0.003"/>
</testsuite> <!-- learnTestNG.TestScenario10 -->
